0 info it worked if it ends with ok
1 verbose cli [ '/usr/local/Cellar/node/7.5.0/bin/node',
1 verbose cli   '/usr/local/bin/npm',
1 verbose cli   'run',
1 verbose cli   'start-full' ]
2 info using npm@4.1.2
3 info using node@v7.5.0
4 verbose run-script [ 'prestart-full', 'start-full', 'poststart-full' ]
5 info lifecycle handshake@0.1.0~prestart-full: handshake@0.1.0
6 silly lifecycle handshake@0.1.0~prestart-full: no script for prestart-full, continuing
7 info lifecycle handshake@0.1.0~start-full: handshake@0.1.0
8 verbose lifecycle handshake@0.1.0~start-full: unsafe-perm in lifecycle true
9 verbose lifecycle handshake@0.1.0~start-full: PATH: /usr/local/lib/node_modules/npm/bin/node-gyp-bin:/Users/leandratejedor/Documents/BSIC/handshake_app/node_modules/.bin:/Library/Frameworks/Python.framework/Versions/3.6/bin:/usr/local/bin:/usr/bin:/bin:/usr/sbin:/sbin:/usr/local/MacGPG2/bin:/Users/leandratejedor/bin
10 verbose lifecycle handshake@0.1.0~start-full: CWD: /Users/leandratejedor/Documents/BSIC/handshake_app
11 silly lifecycle handshake@0.1.0~start-full: Args: [ '-c', 'run-script-os' ]
12 info lifecycle handshake@0.1.0~start-full: Failed to exec start-full script
13 verbose stack Error: handshake@0.1.0 start-full: `run-script-os`
13 verbose stack spawn ENOENT
13 verbose stack     at ChildProcess.<anonymous> (/usr/local/lib/node_modules/npm/lib/utils/spawn.js:33:16)
13 verbose stack     at emitTwo (events.js:106:13)
13 verbose stack     at ChildProcess.emit (events.js:192:7)
13 verbose stack     at maybeClose (internal/child_process.js:890:16)
13 verbose stack     at Process.ChildProcess._handle.onexit (internal/child_process.js:226:5)
14 verbose pkgid handshake@0.1.0
15 verbose cwd /Users/leandratejedor/Documents/BSIC/handshake_app
16 error Darwin 16.6.0
17 error argv "/usr/local/Cellar/node/7.5.0/bin/node" "/usr/local/bin/npm" "run" "start-full"
18 error node v7.5.0
19 error npm  v4.1.2
20 error file sh
21 error code ELIFECYCLE
22 error errno ENOENT
23 error syscall spawn
24 error handshake@0.1.0 start-full: `run-script-os`
24 error spawn ENOENT
25 error Failed at the handshake@0.1.0 start-full script 'run-script-os'.
25 error Make sure you have the latest version of node.js and npm installed.
25 error If you do, this is most likely a problem with the handshake package,
25 error not with npm itself.
25 error Tell the author that this fails on your system:
25 error     run-script-os
25 error You can get information on how to open an issue for this project with:
25 error     npm bugs handshake
25 error Or if that isn't available, you can get their info via:
25 error     npm owner ls handshake
25 error There is likely additional logging output above.
26 verbose exit [ 1, true ]
